<?xml version="1.0" encoding="UTF-8"?>
<!-- Generated by org.testng.reporters.JUnitReportReporter -->
<testsuite skipped="0" hostname="Dae-yazhini" name="Page_Test.Flight_list_page_test" tests="1" failures="0" timestamp="01 Dec 2019 04:23:37 GMT" time="7.444" errors="0">
  <testcase name="clickflight" time="7.444" classname="Page_Test.Flight_list_page_test"/>
</testsuite> <!-- Page_Test.Flight_list_page_test -->
