<?xml version="1.0" encoding="UTF-8"?>
<!-- Generated by org.testng.reporters.JUnitReportReporter -->
<testsuite skipped="0" hostname="Dae-yazhini" name="Page_Test.Welcome_page_test" tests="1" failures="0" timestamp="01 Dec 2019 07:38:32 GMT" time="17.188" errors="0">
  <testcase name="welcomepage_open" time="17.188" classname="Page_Test.Welcome_page_test"/>
</testsuite> <!-- Page_Test.Welcome_page_test -->
